Started GET "/" for 127.0.0.1 at 2018-07-07 20:14:57 +0200
Processing by StaticPagesController#home as HTML
  Rendering static_pages/home.html.erb within layouts/application
  Rendered static_pages/home.html.erb within layouts/application (0.8ms)
Completed 200 OK in 316ms (Views: 307.1ms | ActiveRecord: 0.0ms)


Started GET "/" for 127.0.0.1 at 2018-07-07 20:15:00 +0200
Processing by StaticPagesController#home as HTML
  Rendering static_pages/home.html.erb within layouts/application
  Rendered static_pages/home.html.erb within layouts/application (1.8ms)
Completed 200 OK in 50ms (Views: 47.0ms | ActiveRecord: 0.0ms)


Started GET "/" for 127.0.0.1 at 2018-07-12 23:03:58 +0200
Processing by StaticPagesController#home as HTML
  Rendering static_pages/home.html.erb within layouts/application
  Rendered static_pages/home.html.erb within layouts/application (2.6ms)
Started GET "/" for 127.0.0.1 at 2018-07-12 23:03:59 +0200
Processing by StaticPagesController#home as HTML
  Rendering static_pages/home.html.erb within layouts/application
  Rendered static_pages/home.html.erb within layouts/application (0.5ms)
Completed 200 OK in 381ms (Views: 369.0ms | ActiveRecord: 0.0ms)


Completed 200 OK in 126ms (Views: 124.7ms | ActiveRecord: 0.0ms)


Started GET "/" for 127.0.0.1 at 2018-07-12 23:04:00 +0200
Processing by StaticPagesController#home as HTML
  Rendering static_pages/home.html.erb within layouts/application
  Rendered static_pages/home.html.erb within layouts/application (0.4ms)
Completed 200 OK in 18ms (Views: 17.2ms | ActiveRecord: 0.0ms)


  [1m[35m (0.1ms)[0m  [1m[36mbegin transaction[0m
  ↳ bin/rails:9
  [1m[35m (0.3ms)[0m  [1m[31mrollback transaction[0m
